0 info it worked if it ends with ok
1 verbose cli [ 'C:\\Program Files\\nodejs\\node.exe',
1 verbose cli   'C:\\Program Files\\nodejs\\node_modules\\npm\\bin\\npm-cli.js',
1 verbose cli   'run',
1 verbose cli   'eslint' ]
2 info using npm@3.10.10
3 info using node@v6.11.4
4 verbose run-script [ 'preeslint', 'eslint', 'posteslint' ]
5 info lifecycle server@1.0.0~preeslint: server@1.0.0
6 silly lifecycle server@1.0.0~preeslint: no script for preeslint, continuing
7 info lifecycle server@1.0.0~eslint: server@1.0.0
8 verbose lifecycle server@1.0.0~eslint: unsafe-perm in lifecycle true
9 verbose lifecycle server@1.0.0~eslint: PATH: C:\Program Files\nodejs\node_modules\npm\bin\node-gyp-bin;C:\Users\CHIBOY\Desktop\WEConnect\node_modules\.bin;C:\Users\CHIBOY\bin;C:\Program Files\Git\mingw32\bin;C:\Program Files\Git\usr\local\bin;C:\Program Files\Git\usr\bin;C:\Program Files\Git\usr\bin;C:\Program Files\Git\mingw32\bin;C:\Program Files\Git\usr\bin;C:\Users\CHIBOY\bin;C:\WINDOWS\system32;C:\WINDOWS;C:\WINDOWS\System32\Wbem;C:\WINDOWS\System32\WindowsPowerShell\v1.0;C:\Program Files\Git\cmd;C:\Program Files\nodejs;C:\Users\CHIBOY\AppData\Local\Microsoft\WindowsApps;C:\Users\CHIBOY\AppData\Roaming\npm;C:\Program Files\Git\usr\bin\vendor_perl;C:\Program Files\Git\usr\bin\core_perl
10 verbose lifecycle server@1.0.0~eslint: CWD: C:\Users\CHIBOY\Desktop\WEConnect
11 silly lifecycle server@1.0.0~eslint: Args: [ '/d /s /c', 'eslint --fix ./server/lib' ]
12 silly lifecycle server@1.0.0~eslint: Returned: code: 1  signal: null
13 info lifecycle server@1.0.0~eslint: Failed to exec eslint script
14 verbose stack Error: server@1.0.0 eslint: `eslint --fix ./server/lib`
14 verbose stack Exit status 1
14 verbose stack     at EventEmitter.<anonymous> (C:\Program Files\nodejs\node_modules\npm\lib\utils\lifecycle.js:255:16)
14 verbose stack     at emitTwo (events.js:106:13)
14 verbose stack     at EventEmitter.emit (events.js:191:7)
14 verbose stack     at ChildProcess.<anonymous> (C:\Program Files\nodejs\node_modules\npm\lib\utils\spawn.js:40:14)
14 verbose stack     at emitTwo (events.js:106:13)
14 verbose stack     at ChildProcess.emit (events.js:191:7)
14 verbose stack     at maybeClose (internal/child_process.js:920:16)
14 verbose stack     at Process.ChildProcess._handle.onexit (internal/child_process.js:230:5)
15 verbose pkgid server@1.0.0
16 verbose cwd C:\Users\CHIBOY\Desktop\WEConnect
17 error Windows_NT 10.0.14393
18 error argv "C:\\Program Files\\nodejs\\node.exe" "C:\\Program Files\\nodejs\\node_modules\\npm\\bin\\npm-cli.js" "run" "eslint"
19 error node v6.11.4
20 error npm  v3.10.10
21 error code ELIFECYCLE
22 error server@1.0.0 eslint: `eslint --fix ./server/lib`
22 error Exit status 1
23 error Failed at the server@1.0.0 eslint script 'eslint --fix ./server/lib'.
23 error Make sure you have the latest version of node.js and npm installed.
23 error If you do, this is most likely a problem with the server package,
23 error not with npm itself.
23 error Tell the author that this fails on your system:
23 error     eslint --fix ./server/lib
23 error You can get information on how to open an issue for this project with:
23 error     npm bugs server
23 error Or if that isn't available, you can get their info via:
23 error     npm owner ls server
23 error There is likely additional logging output above.
24 verbose exit [ 1, true ]
